TN:
SF:app.js
FN:12,(anonymous_0)
FN:18,(anonymous_1)
FN:26,(anonymous_2)
FN:29,(anonymous_3)
FN:37,(anonymous_4)
FN:43,(anonymous_5)
FN:55,(anonymous_6)
FNF:7
FNH:4
FNDA:1,(anonymous_0)
FNDA:1,(anonymous_1)
FNDA:1,(anonymous_2)
FNDA:1,(anonymous_3)
FNDA:0,(anonymous_4)
FNDA:0,(anonymous_5)
FNDA:0,(anonymous_6)
DA:1,1
DA:2,1
DA:3,1
DA:5,1
DA:6,1
DA:7,1
DA:9,1
DA:12,1
DA:13,1
DA:15,1
DA:19,1
DA:20,1
DA:26,1
DA:27,1
DA:30,1
DA:31,1
DA:37,1
DA:38,0
DA:40,0
DA:44,0
DA:45,0
DA:54,1
DA:55,0
DA:56,0
LF:24
LH:18
BRDA:19,0,0,0
BRDA:19,0,1,1
BRDA:30,1,0,0
BRDA:30,1,1,1
BRDA:44,2,0,0
BRDA:44,2,1,0
BRDA:54,3,0,0
BRDA:54,3,1,1
BRF:8
BRH:3
end_of_record
TN:
SF:db.js
FN:10,(anonymous_0)
FNF:1
FNH:1
FNDA:1,(anonymous_0)
DA:1,1
DA:3,1
DA:10,1
DA:11,1
DA:12,1
DA:15,1
LF:6
LH:6
BRDA:11,0,0,0
BRDA:11,0,1,1
BRF:2
BRH:1
end_of_record
